c:\users\genna\source\repos\cppbasicinterpreter\project1\release\vc141.pdb
c:\users\genna\source\repos\cppbasicinterpreter\project1\release\printstatement.obj
c:\users\genna\source\repos\cppbasicinterpreter\project1\release\main.obj
c:\users\genna\source\repos\cppbasicinterpreter\project1\release\letstatement.obj
c:\users\genna\source\repos\cppbasicinterpreter\project1\release\inputstatement.obj
c:\users\genna\source\repos\cppbasicinterpreter\project1\release\ifstatement.obj
c:\users\genna\source\repos\cppbasicinterpreter\project1\release\handler.obj
c:\users\genna\source\repos\cppbasicinterpreter\project1\release\gotostatement.obj
c:\users\genna\source\repos\cppbasicinterpreter\project1\release\exceptionsyntaxerror.obj
c:\users\genna\source\repos\cppbasicinterpreter\project1\release\exceptionruntimeerror.obj
c:\users\genna\source\repos\cppbasicinterpreter\release\project1.exe
c:\users\genna\source\repos\cppbasicinterpreter\release\project1.pdb
c:\users\genna\source\repos\cppbasicinterpreter\release\project1.ipdb
c:\users\genna\source\repos\cppbasicinterpreter\release\project1.iobj
c:\users\genna\source\repos\cppbasicinterpreter\project1\release\project1.tlog\cl.command.1.tlog
c:\users\genna\source\repos\cppbasicinterpreter\project1\release\project1.tlog\cl.read.1.tlog
c:\users\genna\source\repos\cppbasicinterpreter\project1\release\project1.tlog\cl.write.1.tlog
c:\users\genna\source\repos\cppbasicinterpreter\project1\release\project1.tlog\link.command.1.tlog
c:\users\genna\source\repos\cppbasicinterpreter\project1\release\project1.tlog\link.read.1.tlog
c:\users\genna\source\repos\cppbasicinterpreter\project1\release\project1.tlog\link.write.1.tlog
c:\users\genna\source\repos\cppbasicinterpreter\project1\release\project1.tlog\project1.write.1u.tlog
